<?xml version="1.0" encoding="UTF-8"?>
<testsuite xmlns:xsi="http://www.w3.org/2001/XMLSchema-instance" xsi:noNamespaceSchemaLocation="https://maven.apache.org/surefire/maven-surefire-plugin/xsd/surefire-test-report-3.0.xsd" version="3.0" name="com.fairymate.AuthServiceTest" time="0.022" tests="6" errors="0" skipped="0" failures="0">
  <properties>
[...]
</properties>
  <testcase name="testNullPassword" classname="com.fairymate.AuthServiceTest" time="0.009"/>
  <testcase name="testInvalidUsername" classname="com.fairymate.AuthServiceTest" time="0.0"/>
  <testcase name="testValidLogin" classname="com.fairymate.AuthServiceTest" time="0.001"/>
  <testcase name="testInvalidPassword" classname="com.fairymate.AuthServiceTest" time="0.001"/>
  <testcase name="testNullUsernameAndPassword" classname="com.fairymate.AuthServiceTest" time="0.0"/>
  <testcase name="testNullUsername" classname="com.fairymate.AuthServiceTest" time="0.0"/>
</testsuite>